<?xml version="1.0" encoding="UTF-8"?>
<testsuite xmlns:xsi="http://www.w3.org/2001/XMLSchema-instance" xsi:noNamespaceSchemaLocation="https://maven.apache.org/surefire/maven-surefire-plugin/xsd/surefire-test-report-3.0.xsd" version="3.0" name="com.academia.iglesia.IglesiaApplicationTests" time="5.451" tests="1" errors="0" skipped="0" failures="0">
  <properties>
[...]
</properties>
  <testcase name="contextLoads" classname="com.academia.iglesia.IglesiaApplicationTests" time="0.964">
    <system-out><![CDATA[09:26:38.758 [main] INFO org.springframework.test.context.support.AnnotationConfigContextLoaderUtils -- Could not detect default configuration classes for test class [com.academia.iglesia.IglesiaApplicationTests]: IglesiaApplicationTests does not declare any static, non-private, non-final, nested classes annotated with @Configuration.
09:26:38.909 [main] INFO org.springframework.boot.test.context.SpringBootTestContextBootstrapper -- Found @SpringBootConfiguration com.academia.iglesia.IglesiaApplication for test class com.academia.iglesia.IglesiaApplicationTests
09:26:39.175 [main] INFO org.springframework.boot.devtools.restart.RestartApplicationListener -- Restart disabled due to context in which it is running

  .   ____          _            __ _ _
 /\\ / ___'_ __ _ _(_)_ __  __ _ \ \ \ \
( ( )\___ | '_ | '_| | '_ \/ _` | \ \ \ \
 \\/  ___)| |_)| | | | | || (_| |  ) ) ) )
  '  |____| .__|_| |_|_| |_\__, | / / / /
 =========|_|==============|___/=/_/_/_/

 :: Spring Boot ::                (v3.3.4)

2024-12-11T09:26:39.467-04:00  INFO 1548 --- [iglesia] [           main] c.a.iglesia.IglesiaApplicationTests      : Starting IglesiaApplicationTests using Java 17.0.12 with PID 1548 (started by THOMAS in C:\Users\THOMAS\Documents\ler\church back\IglesiaProyecto\IglesiaProyecto)
2024-12-11T09:26:39.469-04:00  INFO 1548 --- [iglesia] [           main] c.a.iglesia.IglesiaApplicationTests      : No active profile set, falling back to 1 default profile: "default"
2024-12-11T09:26:40.408-04:00  INFO 1548 --- [iglesia] [           main] .s.d.r.c.RepositoryConfigurationDelegate : Bootstrapping Spring Data MongoDB repositories in DEFAULT mode.
2024-12-11T09:26:40.516-04:00  INFO 1548 --- [iglesia] [           main] .s.d.r.c.RepositoryConfigurationDelegate : Finished Spring Data repository scanning in 101 ms. Found 9 MongoDB repository interfaces.
2024-12-11T09:26:41.360-04:00  INFO 1548 --- [iglesia] [           main] org.mongodb.driver.client                : MongoClient with metadata {"application": {"name": "Cluster0"}, "driver": {"name": "mongo-java-driver|sync|spring-boot", "version": "5.0.1"}, "os": {"type": "Windows", "name": "Windows 11", "architecture": "amd64", "version": "10.0"}, "platform": "Java/Oracle Corporation/17.0.12+8-LTS-286"} created with settings MongoClientSettings{readPreference=primary, writeConcern=WriteConcern{w=majority, wTimeout=null ms, journal=null}, retryWrites=true, retryReads=true, readConcern=ReadConcern{level=null}, credential=MongoCredential{mechanism=null, userName='lerghincardenas', source='admin', password=<hidden>, mechanismProperties=<hidden>}, transportSettings=null, commandListeners=[], codecRegistry=ProvidersCodecRegistry{codecProviders=[ValueCodecProvider{}, BsonValueCodecProvider{}, DBRefCodecProvider{}, DBObjectCodecProvider{}, DocumentCodecProvider{}, CollectionCodecProvider{}, IterableCodecProvider{}, MapCodecProvider{}, GeoJsonCodecProvider{}, GridFSFileCodecProvider{}, Jsr310CodecProvider{}, JsonObjectCodecProvider{}, BsonCodecProvider{}, EnumCodecProvider{}, com.mongodb.client.model.mql.ExpressionCodecProvider@5856dbe4, com.mongodb.Jep395RecordCodecProvider@7e15f4d4, com.mongodb.KotlinCodecProvider@5a058be5]}, loggerSettings=LoggerSettings{maxDocumentLength=1000}, clusterSettings={hosts=[127.0.0.1:27017], srvHost=cluster0.0heqc.mongodb.net, srvServiceName=mongodb, mode=MULTIPLE, requiredClusterType=REPLICA_SET, requiredReplicaSetName='atlas-6t3o5d-shard-0', serverSelector='null', clusterListeners='[]', serverSelectionTimeout='30000 ms', localThreshold='15 ms'}, socketSettings=SocketSettings{connectTimeoutMS=10000, readTimeoutMS=0, receiveBufferSize=0, proxySettings=ProxySettings{host=null, port=null, username=null, password=null}}, heartbeatSocketSettings=SocketSettings{connectTimeoutMS=10000, readTimeoutMS=10000, receiveBufferSize=0, proxySettings=ProxySettings{host=null, port=null, username=null, password=null}}, connectionPoolSettings=ConnectionPoolSettings{maxSize=100, minSize=0, maxWaitTimeMS=120000, maxConnectionLifeTimeMS=0, maxConnectionIdleTimeMS=0, maintenanceInitialDelayMS=0, maintenanceFrequencyMS=60000, connectionPoolListeners=[], maxConnecting=2}, serverSettings=ServerSettings{heartbeatFrequencyMS=10000, minHeartbeatFrequencyMS=500, serverListeners='[]', serverMonitorListeners='[]'}, sslSettings=SslSettings{enabled=true, invalidHostNameAllowed=false, context=null}, applicationName='Cluster0', compressorList=[], uuidRepresentation=JAVA_LEGACY, serverApi=null, autoEncryptionSettings=null, dnsClient=null, inetAddressResolver=null, contextProvider=null}
2024-12-11T09:26:41.426-04:00  INFO 1548 --- [iglesia] [eqc.mongodb.net] org.mongodb.driver.cluster               : Adding discovered server cluster0-shard-00-00.0heqc.mongodb.net:27017 to client view of cluster
2024-12-11T09:26:41.457-04:00  INFO 1548 --- [iglesia] [eqc.mongodb.net] org.mongodb.driver.cluster               : Adding discovered server cluster0-shard-00-01.0heqc.mongodb.net:27017 to client view of cluster
2024-12-11T09:26:41.461-04:00  INFO 1548 --- [iglesia] [eqc.mongodb.net] org.mongodb.driver.cluster               : Adding discovered server cluster0-shard-00-02.0heqc.mongodb.net:27017 to client view of cluster
2024-12-11T09:26:42.116-04:00  INFO 1548 --- [iglesia] [           main] eAuthenticationProviderManagerConfigurer : Global AuthenticationManager configured with AuthenticationProvider bean with name authenticationProvider
2024-12-11T09:26:42.117-04:00  WARN 1548 --- [iglesia] [           main] r$InitializeUserDetailsManagerConfigurer : Global AuthenticationManager configured with an AuthenticationProvider bean. UserDetailsService beans will not be used for username/password login. Consider removing the AuthenticationProvider bean. Alternatively, consider using the UserDetailsService in a manually instantiated DaoAuthenticationProvider.
2024-12-11T09:26:42.172-04:00  INFO 1548 --- [iglesia] [ngodb.net:27017] org.mongodb.driver.cluster               : Monitor thread successfully connected to server with description ServerDescription{address=cluster0-shard-00-01.0heqc.mongodb.net:27017, type=REPLICA_SET_PRIMARY, state=CONNECTED, ok=true, minWireVersion=0, maxWireVersion=25, maxDocumentSize=16777216, logicalSessionTimeoutMinutes=30, roundTripTimeNanos=337237000, setName='atlas-6t3o5d-shard-0', canonicalAddress=cluster0-shard-00-01.0heqc.mongodb.net:27017, hosts=[cluster0-shard-00-01.0heqc.mongodb.net:27017, cluster0-shard-00-00.0heqc.mongodb.net:27017, cluster0-shard-00-02.0heqc.mongodb.net:27017], passives=[], arbiters=[], primary='cluster0-shard-00-01.0heqc.mongodb.net:27017', tagSet=TagSet{[Tag{name='availabilityZone', value='use1-az4'}, Tag{name='diskState', value='READY'}, Tag{name='nodeType', value='ELECTABLE'}, Tag{name='provider', value='AWS'}, Tag{name='region', value='US_EAST_1'}, Tag{name='workloadType', value='OPERATIONAL'}]}, electionId=7fffffff00000000000001de, setVersion=115, topologyVersion=TopologyVersion{processId=6755dd30a2a897a43234bcaf, counter=6}, lastWriteDate=Wed Dec 11 09:26:42 VET 2024, lastUpdateTimeNanos=32270896602800}
2024-12-11T09:26:42.173-04:00  INFO 1548 --- [iglesia] [ngodb.net:27017] org.mongodb.driver.cluster               : Monitor thread successfully connected to server with description ServerDescription{address=cluster0-shard-00-02.0heqc.mongodb.net:27017, type=REPLICA_SET_SECONDARY, state=CONNECTED, ok=true, minWireVersion=0, maxWireVersion=25, maxDocumentSize=16777216, logicalSessionTimeoutMinutes=30, roundTripTimeNanos=336740400, setName='atlas-6t3o5d-shard-0', canonicalAddress=cluster0-shard-00-02.0heqc.mongodb.net:27017, hosts=[cluster0-shard-00-01.0heqc.mongodb.net:27017, cluster0-shard-00-00.0heqc.mongodb.net:27017, cluster0-shard-00-02.0heqc.mongodb.net:27017], passives=[], arbiters=[], primary='cluster0-shard-00-01.0heqc.mongodb.net:27017', tagSet=TagSet{[Tag{name='availabilityZone', value='use1-az6'}, Tag{name='diskState', value='READY'}, Tag{name='nodeType', value='ELECTABLE'}, Tag{name='provider', value='AWS'}, Tag{name='region', value='US_EAST_1'}, Tag{name='workloadType', value='OPERATIONAL'}]}, electionId=null, setVersion=115, topologyVersion=TopologyVersion{processId=6755df551ab98c751eb14dcf, counter=3}, lastWriteDate=Wed Dec 11 09:26:42 VET 2024, lastUpdateTimeNanos=32270896845900}
2024-12-11T09:26:42.173-04:00  INFO 1548 --- [iglesia] [ngodb.net:27017] org.mongodb.driver.cluster               : Monitor thread successfully connected to server with description ServerDescription{address=cluster0-shard-00-00.0heqc.mongodb.net:27017, type=REPLICA_SET_SECONDARY, state=CONNECTED, ok=true, minWireVersion=0, maxWireVersion=25, maxDocumentSize=16777216, logicalSessionTimeoutMinutes=30, roundTripTimeNanos=337714500, setName='atlas-6t3o5d-shard-0', canonicalAddress=cluster0-shard-00-00.0heqc.mongodb.net:27017, hosts=[cluster0-shard-00-01.0heqc.mongodb.net:27017, cluster0-shard-00-00.0heqc.mongodb.net:27017, cluster0-shard-00-02.0heqc.mongodb.net:27017], passives=[], arbiters=[], primary='cluster0-shard-00-01.0heqc.mongodb.net:27017', tagSet=TagSet{[Tag{name='availabilityZone', value='use1-az2'}, Tag{name='diskState', value='READY'}, Tag{name='nodeType', value='ELECTABLE'}, Tag{name='provider', value='AWS'}, Tag{name='region', value='US_EAST_1'}, Tag{name='workloadType', value='OPERATIONAL'}]}, electionId=null, setVersion=115, topologyVersion=TopologyVersion{processId=6755ddfa9ddb3d00b63f8a21, counter=4}, lastWriteDate=Wed Dec 11 09:26:42 VET 2024, lastUpdateTimeNanos=32270897103500}
2024-12-11T09:26:42.176-04:00  INFO 1548 --- [iglesia] [ngodb.net:27017] org.mongodb.driver.cluster               : Discovered replica set primary cluster0-shard-00-01.0heqc.mongodb.net:27017 with max election id 7fffffff00000000000001de and max set version 115
2024-12-11T09:26:42.910-04:00  INFO 1548 --- [iglesia] [           main] c.a.iglesia.IglesiaApplicationTests      : Started IglesiaApplicationTests in 3.754 seconds (process running for 5.375)
]]></system-out>
  </testcase>
</testsuite>