<?xml version="1.0" encoding="UTF-8"?>
<testsuite xmlns:xsi="http://www.w3.org/2001/XMLSchema-instance" xsi:noNamespaceSchemaLocation="https://maven.apache.org/surefire/maven-surefire-plugin/xsd/surefire-test-report-3.0.xsd" version="3.0" name="com.academia.iglesia.IglesiaApplicationTests" time="5.559" tests="1" errors="0" skipped="0" failures="0">
  <properties>
[...]
</properties>
  <testcase name="contextLoads" classname="com.academia.iglesia.IglesiaApplicationTests" time="1.181">
    <system-out><![CDATA[17:48:30.967 [main] INFO org.springframework.test.context.support.AnnotationConfigContextLoaderUtils -- Could not detect default configuration classes for test class [com.academia.iglesia.IglesiaApplicationTests]: IglesiaApplicationTests does not declare any static, non-private, non-final, nested classes annotated with @Configuration.
17:48:31.138 [main] INFO org.springframework.boot.test.context.SpringBootTestContextBootstrapper -- Found @SpringBootConfiguration com.academia.iglesia.IglesiaApplication for test class com.academia.iglesia.IglesiaApplicationTests
17:48:31.423 [main] INFO org.springframework.boot.devtools.restart.RestartApplicationListener -- Restart disabled due to context in which it is running

  .   ____          _            __ _ _
 /\\ / ___'_ __ _ _(_)_ __  __ _ \ \ \ \
( ( )\___ | '_ | '_| | '_ \/ _` | \ \ \ \
 \\/  ___)| |_)| | | | | || (_| |  ) ) ) )
  '  |____| .__|_| |_|_| |_\__, | / / / /
 =========|_|==============|___/=/_/_/_/

 :: Spring Boot ::                (v3.3.4)

2024-12-21T17:48:31.772-04:00  INFO 12100 --- [iglesia] [           main] c.a.iglesia.IglesiaApplicationTests      : Starting IglesiaApplicationTests using Java 17.0.11 with PID 12100 (started by Dell in C:\Users\Dell\Documents\iglesiaProyecto\iglesia)
2024-12-21T17:48:31.774-04:00  INFO 12100 --- [iglesia] [           main] c.a.iglesia.IglesiaApplicationTests      : No active profile set, falling back to 1 default profile: "default"
2024-12-21T17:48:32.727-04:00  INFO 12100 --- [iglesia] [           main] .s.d.r.c.RepositoryConfigurationDelegate : Bootstrapping Spring Data MongoDB repositories in DEFAULT mode.
2024-12-21T17:48:32.831-04:00  INFO 12100 --- [iglesia] [           main] .s.d.r.c.RepositoryConfigurationDelegate : Finished Spring Data repository scanning in 98 ms. Found 9 MongoDB repository interfaces.
2024-12-21T17:48:33.643-04:00  INFO 12100 --- [iglesia] [           main] org.mongodb.driver.client                : MongoClient with metadata {"application": {"name": "Cluster0"}, "driver": {"name": "mongo-java-driver|sync|spring-boot", "version": "5.0.1"}, "os": {"type": "Windows", "name": "Windows 10", "architecture": "amd64", "version": "10.0"}, "platform": "Java/Oracle Corporation/17.0.11+7-LTS-207"} created with settings MongoClientSettings{readPreference=primary, writeConcern=WriteConcern{w=majority, wTimeout=null ms, journal=null}, retryWrites=true, retryReads=true, readConcern=ReadConcern{level=null}, credential=MongoCredential{mechanism=null, userName='lerghincardenas', source='admin', password=<hidden>, mechanismProperties=<hidden>}, transportSettings=null, commandListeners=[], codecRegistry=ProvidersCodecRegistry{codecProviders=[ValueCodecProvider{}, BsonValueCodecProvider{}, DBRefCodecProvider{}, DBObjectCodecProvider{}, DocumentCodecProvider{}, CollectionCodecProvider{}, IterableCodecProvider{}, MapCodecProvider{}, GeoJsonCodecProvider{}, GridFSFileCodecProvider{}, Jsr310CodecProvider{}, JsonObjectCodecProvider{}, BsonCodecProvider{}, EnumCodecProvider{}, com.mongodb.client.model.mql.ExpressionCodecProvider@3e377967, com.mongodb.Jep395RecordCodecProvider@4dadd690, com.mongodb.KotlinCodecProvider@707e4fe4]}, loggerSettings=LoggerSettings{maxDocumentLength=1000}, clusterSettings={hosts=[127.0.0.1:27017], srvHost=cluster0.0heqc.mongodb.net, srvServiceName=mongodb, mode=MULTIPLE, requiredClusterType=REPLICA_SET, requiredReplicaSetName='atlas-6t3o5d-shard-0', serverSelector='null', clusterListeners='[]', serverSelectionTimeout='30000 ms', localThreshold='15 ms'}, socketSettings=SocketSettings{connectTimeoutMS=10000, readTimeoutMS=0, receiveBufferSize=0, proxySettings=ProxySettings{host=null, port=null, username=null, password=null}}, heartbeatSocketSettings=SocketSettings{connectTimeoutMS=10000, readTimeoutMS=10000, receiveBufferSize=0, proxySettings=ProxySettings{host=null, port=null, username=null, password=null}}, connectionPoolSettings=ConnectionPoolSettings{maxSize=100, minSize=0, maxWaitTimeMS=120000, maxConnectionLifeTimeMS=0, maxConnectionIdleTimeMS=0, maintenanceInitialDelayMS=0, maintenanceFrequencyMS=60000, connectionPoolListeners=[], maxConnecting=2}, serverSettings=ServerSettings{heartbeatFrequencyMS=10000, minHeartbeatFrequencyMS=500, serverListeners='[]', serverMonitorListeners='[]'}, sslSettings=SslSettings{enabled=true, invalidHostNameAllowed=false, context=null}, applicationName='Cluster0', compressorList=[], uuidRepresentation=JAVA_LEGACY, serverApi=null, autoEncryptionSettings=null, dnsClient=null, inetAddressResolver=null, contextProvider=null}
2024-12-21T17:48:33.679-04:00  INFO 12100 --- [iglesia] [eqc.mongodb.net] org.mongodb.driver.cluster               : Adding discovered server cluster0-shard-00-00.0heqc.mongodb.net:27017 to client view of cluster
2024-12-21T17:48:33.731-04:00  INFO 12100 --- [iglesia] [eqc.mongodb.net] org.mongodb.driver.cluster               : Adding discovered server cluster0-shard-00-02.0heqc.mongodb.net:27017 to client view of cluster
2024-12-21T17:48:33.735-04:00  INFO 12100 --- [iglesia] [eqc.mongodb.net] org.mongodb.driver.cluster               : Adding discovered server cluster0-shard-00-01.0heqc.mongodb.net:27017 to client view of cluster
2024-12-21T17:48:34.238-04:00  INFO 12100 --- [iglesia] [           main] eAuthenticationProviderManagerConfigurer : Global AuthenticationManager configured with AuthenticationProvider bean with name authenticationProvider
2024-12-21T17:48:34.239-04:00  WARN 12100 --- [iglesia] [           main] r$InitializeUserDetailsManagerConfigurer : Global AuthenticationManager configured with an AuthenticationProvider bean. UserDetailsService beans will not be used for username/password login. Consider removing the AuthenticationProvider bean. Alternatively, consider using the UserDetailsService in a manually instantiated DaoAuthenticationProvider.
2024-12-21T17:48:34.709-04:00  INFO 12100 --- [iglesia] [ngodb.net:27017] org.mongodb.driver.cluster               : Monitor thread successfully connected to server with description ServerDescription{address=cluster0-shard-00-01.0heqc.mongodb.net:27017, type=REPLICA_SET_PRIMARY, state=CONNECTED, ok=true, minWireVersion=0, maxWireVersion=25, maxDocumentSize=16777216, logicalSessionTimeoutMinutes=30, roundTripTimeNanos=515700500, setName='atlas-6t3o5d-shard-0', canonicalAddress=cluster0-shard-00-01.0heqc.mongodb.net:27017, hosts=[cluster0-shard-00-01.0heqc.mongodb.net:27017, cluster0-shard-00-00.0heqc.mongodb.net:27017, cluster0-shard-00-02.0heqc.mongodb.net:27017], passives=[], arbiters=[], primary='cluster0-shard-00-01.0heqc.mongodb.net:27017', tagSet=TagSet{[Tag{name='availabilityZone', value='use1-az4'}, Tag{name='diskState', value='READY'}, Tag{name='nodeType', value='ELECTABLE'}, Tag{name='provider', value='AWS'}, Tag{name='region', value='US_EAST_1'}, Tag{name='workloadType', value='OPERATIONAL'}]}, electionId=7fffffff00000000000001e2, setVersion=121, topologyVersion=TopologyVersion{processId=67645ff2306257dd3cb6dcab, counter=6}, lastWriteDate=Sat Dec 21 17:48:35 VET 2024, lastUpdateTimeNanos=156635525913000}
2024-12-21T17:48:34.713-04:00  INFO 12100 --- [iglesia] [ngodb.net:27017] org.mongodb.driver.cluster               : Discovered replica set primary cluster0-shard-00-01.0heqc.mongodb.net:27017 with max election id 7fffffff00000000000001e2 and max set version 121
2024-12-21T17:48:34.722-04:00  INFO 12100 --- [iglesia] [ngodb.net:27017] org.mongodb.driver.cluster               : Monitor thread successfully connected to server with description ServerDescription{address=cluster0-shard-00-02.0heqc.mongodb.net:27017, type=REPLICA_SET_SECONDARY, state=CONNECTED, ok=true, minWireVersion=0, maxWireVersion=25, maxDocumentSize=16777216, logicalSessionTimeoutMinutes=30, roundTripTimeNanos=532898100, setName='atlas-6t3o5d-shard-0', canonicalAddress=cluster0-shard-00-02.0heqc.mongodb.net:27017, hosts=[cluster0-shard-00-01.0heqc.mongodb.net:27017, cluster0-shard-00-00.0heqc.mongodb.net:27017, cluster0-shard-00-02.0heqc.mongodb.net:27017], passives=[], arbiters=[], primary='cluster0-shard-00-01.0heqc.mongodb.net:27017', tagSet=TagSet{[Tag{name='availabilityZone', value='use1-az6'}, Tag{name='diskState', value='READY'}, Tag{name='nodeType', value='ELECTABLE'}, Tag{name='provider', value='AWS'}, Tag{name='region', value='US_EAST_1'}, Tag{name='workloadType', value='OPERATIONAL'}]}, electionId=null, setVersion=121, topologyVersion=TopologyVersion{processId=6764603d35e2925c9b9b547c, counter=3}, lastWriteDate=Sat Dec 21 17:48:35 VET 2024, lastUpdateTimeNanos=156635542330000}
2024-12-21T17:48:34.735-04:00  INFO 12100 --- [iglesia] [ngodb.net:27017] org.mongodb.driver.cluster               : Monitor thread successfully connected to server with description ServerDescription{address=cluster0-shard-00-00.0heqc.mongodb.net:27017, type=REPLICA_SET_SECONDARY, state=CONNECTED, ok=true, minWireVersion=0, maxWireVersion=25, maxDocumentSize=16777216, logicalSessionTimeoutMinutes=30, roundTripTimeNanos=540323500, setName='atlas-6t3o5d-shard-0', canonicalAddress=cluster0-shard-00-00.0heqc.mongodb.net:27017, hosts=[cluster0-shard-00-01.0heqc.mongodb.net:27017, cluster0-shard-00-00.0heqc.mongodb.net:27017, cluster0-shard-00-02.0heqc.mongodb.net:27017], passives=[], arbiters=[], primary='cluster0-shard-00-01.0heqc.mongodb.net:27017', tagSet=TagSet{[Tag{name='availabilityZone', value='use1-az2'}, Tag{name='diskState', value='READY'}, Tag{name='nodeType', value='ELECTABLE'}, Tag{name='provider', value='AWS'}, Tag{name='region', value='US_EAST_1'}, Tag{name='workloadType', value='OPERATIONAL'}]}, electionId=null, setVersion=121, topologyVersion=TopologyVersion{processId=67645fa8144e0f45eb8f987b, counter=4}, lastWriteDate=Sat Dec 21 17:48:35 VET 2024, lastUpdateTimeNanos=156635555412300}
2024-12-21T17:48:35.090-04:00  INFO 12100 --- [iglesia] [           main] c.a.iglesia.IglesiaApplicationTests      : Started IglesiaApplicationTests in 3.69 seconds (process running for 4.96)
]]></system-out>
  </testcase>
</testsuite>